<?xml version="1.0" encoding="UTF-8"?>
<testsuite xmlns:xsi="http://www.w3.org/2001/XMLSchema-instance" xsi:noNamespaceSchemaLocation="https://maven.apache.org/surefire/maven-surefire-plugin/xsd/surefire-test-report-3.0.xsd" version="3.0" name="com.orderbook.OrderBookTest" time="0.042" tests="4" errors="0" skipped="0" failures="0">
  <properties>
[...]
</properties>
  <testcase name="testMultipleOrderMatching" classname="com.orderbook.OrderBookTest" time="0.005">
    <system-out><![CDATA[Matched Order: BUY 50 of AAPL at $140.0 [Order IDs: BUY#2 & SELL#3]
Matched Order: BUY 150 of AAPL at $145.0 [Order IDs: BUY#2 & SELL#4]

Order Book for AAPL
Buy Orders:
BUY 100 at $150.0 [Order ID: 1]
Sell Orders:
]]></system-out>
  </testcase>
  <testcase name="testAddSellOrder" classname="com.orderbook.OrderBookTest" time="0.006">
    <system-out><![CDATA[
Order Book for AAPL
Buy Orders:
Sell Orders:
SELL 50 at $155.0 [Order ID: 5]
]]></system-out>
  </testcase>
  <testcase name="testMatchOrders" classname="com.orderbook.OrderBookTest" time="0.0">
    <system-out><![CDATA[Matched Order: BUY 50 of AAPL at $145.0 [Order IDs: BUY#6 & SELL#7]
]]></system-out>
  </testcase>
  <testcase name="testAddBuyOrder" classname="com.orderbook.OrderBookTest" time="0.001">
    <system-out><![CDATA[
Order Book for AAPL
Buy Orders:
BUY 100 at $150.0 [Order ID: 8]
Sell Orders:
]]></system-out>
  </testcase>
</testsuite>