<?xml version="1.0" encoding="UTF-8"?>
<testsuite xmlns:xsi="http://www.w3.org/2001/XMLSchema-instance" xsi:noNamespaceSchemaLocation="https://maven.apache.org/surefire/maven-surefire-plugin/xsd/surefire-test-report-3.0.xsd" version="3.0" name="com.orderbook.ExchangeConcurrencyTest" time="0.05" tests="1" errors="0" skipped="0" failures="0">
  <properties>
[...]
</properties>
  <testcase name="testConcurrentOrderSubmission" classname="com.orderbook.ExchangeConcurrencyTest" time="0.038">
    <system-out><![CDATA[Final state of the order book:

Order Book for AAPL
Buy Orders:
BUY 10 at $149.0 [Order ID: 220]
BUY 10 at $149.0 [Order ID: 343]
BUY 10 at $149.0 [Order ID: 407]
BUY 10 at $136.0 [Order ID: 152]
BUY 10 at $149.0 [Order ID: 358]
BUY 10 at $149.0 [Order ID: 425]
BUY 10 at $149.0 [Order ID: 485]
BUY 10 at $133.0 [Order ID: 119]
BUY 10 at $135.0 [Order ID: 151]
BUY 10 at $148.0 [Order ID: 357]
BUY 10 at $149.0 [Order ID: 383]
BUY 10 at $148.0 [Order ID: 406]
BUY 10 at $148.0 [Order ID: 219]
BUY 10 at $147.0 [Order ID: 468]
BUY 10 at $149.0 [Order ID: 470]
BUY 10 at $131.0 [Order ID: 279]
BUY 10 at $133.0 [Order ID: 290]
BUY 10 at $134.0 [Order ID: 120]
BUY 10 at $135.0 [Order ID: 319]
BUY 10 at $146.0 [Order ID: 340]
BUY 10 at $147.0 [Order ID: 341]
BUY 10 at $140.0 [Order ID: 187]
BUY 10 at $148.0 [Order ID: 342]
BUY 10 at $145.0 [Order ID: 403]
BUY 10 at $147.0 [Order ID: 218]
BUY 10 at $148.0 [Order ID: 424]
BUY 10 at $139.0 [Order ID: 437]
BUY 10 at $143.0 [Order ID: 464]
BUY 10 at $146.0 [Order ID: 467]
BUY 10 at $148.0 [Order ID: 469]
BUY 10 at $149.0 [Order ID: 499]
BUY 10 at $128.0 [Order ID: 236]
BUY 10 at $130.0 [Order ID: 274]
BUY 10 at $124.0 [Order ID: 282]
BUY 10 at $132.0 [Order ID: 289]
BUY 10 at $130.0 [Order ID: 303]
BUY 10 at $126.0 [Order ID: 311]
BUY 10 at $134.0 [Order ID: 315]
BUY 10 at $133.0 [Order ID: 327]
BUY 10 at $139.0 [Order ID: 333]
BUY 10 at $145.0 [Order ID: 339]
BUY 10 at $139.0 [Order ID: 348]
BUY 10 at $147.0 [Order ID: 356]
BUY 10 at $139.0 [Order ID: 155]
BUY 10 at $139.0 [Order ID: 373]
BUY 10 at $146.0 [Order ID: 380]
BUY 10 at $148.0 [Order ID: 382]
BUY 10 at $136.0 [Order ID: 394]
BUY 10 at $144.0 [Order ID: 402]
BUY 10 at $147.0 [Order ID: 405]
BUY 10 at $143.0 [Order ID: 419]
BUY 10 at $147.0 [Order ID: 423]
BUY 10 at $136.0 [Order ID: 434]
BUY 10 at $138.0 [Order ID: 439]
BUY 10 at $138.0 [Order ID: 436]
BUY 10 at $139.0 [Order ID: 440]
BUY 10 at $142.0 [Order ID: 463]
BUY 10 at $145.0 [Order ID: 466]
BUY 10 at $146.0 [Order ID: 482]
BUY 10 at $147.0 [Order ID: 483]
BUY 10 at $148.0 [Order ID: 484]
BUY 10 at $149.0 [Order ID: 500]
BUY 10 at $124.0 [Order ID: 67]
BUY 10 at $117.0 [Order ID: 265]
BUY 10 at $120.0 [Order ID: 270]
BUY 10 at $123.0 [Order ID: 273]
BUY 10 at $130.0 [Order ID: 278]
BUY 10 at $123.0 [Order ID: 281]
BUY 10 at $123.0 [Order ID: 287]
BUY 10 at $131.0 [Order ID: 258]
BUY 10 at $124.0 [Order ID: 263]
BUY 10 at $125.0 [Order ID: 298]
BUY 10 at $129.0 [Order ID: 302]
BUY 10 at $120.0 [Order ID: 306]
BUY 10 at $125.0 [Order ID: 310]
BUY 10 at $132.0 [Order ID: 313]
BUY 10 at $134.0 [Order ID: 318]
BUY 10 at $128.0 [Order ID: 322]
BUY 10 at $132.0 [Order ID: 326]
BUY 10 at $134.0 [Order ID: 328]
BUY 10 at $138.0 [Order ID: 332]
BUY 10 at $141.0 [Order ID: 188]
BUY 10 at $144.0 [Order ID: 338]
BUY 10 at $134.0 [Order ID: 291]
BUY 10 at $138.0 [Order ID: 347]
BUY 10 at $142.0 [Order ID: 351]
BUY 10 at $146.0 [Order ID: 355]
BUY 10 at $127.0 [Order ID: 361]
BUY 10 at $131.0 [Order ID: 365]
BUY 10 at $135.0 [Order ID: 369]
BUY 10 at $138.0 [Order ID: 154]
BUY 10 at $141.0 [Order ID: 375]
BUY 10 at $145.0 [Order ID: 379]
BUY 10 at $147.0 [Order ID: 381]
BUY 10 at $130.0 [Order ID: 388]
BUY 10 at $132.0 [Order ID: 390]
BUY 10 at $135.0 [Order ID: 393]
BUY 10 at $139.0 [Order ID: 397]
BUY 10 at $143.0 [Order ID: 401]
BUY 10 at $146.0 [Order ID: 404]
BUY 10 at $135.0 [Order ID: 411]
BUY 10 at $138.0 [Order ID: 414]
BUY 10 at $142.0 [Order ID: 418]
BUY 10 at $145.0 [Order ID: 216]
BUY 10 at $146.0 [Order ID: 217]
BUY 10 at $127.0 [Order ID: 312]
BUY 10 at $135.0 [Order ID: 316]
BUY 10 at $137.0 [Order ID: 438]
BUY 10 at $137.0 [Order ID: 435]
BUY 10 at $132.0 [Order ID: 445]
BUY 10 at $133.0 [Order ID: 446]
BUY 10 at $130.0 [Order ID: 256]
BUY 10 at $137.0 [Order ID: 458]
BUY 10 at $140.0 [Order ID: 461]
BUY 10 at $141.0 [Order ID: 452]
BUY 10 at $144.0 [Order ID: 465]
BUY 10 at $138.0 [Order ID: 474]
BUY 10 at $141.0 [Order ID: 477]
BUY 10 at $145.0 [Order ID: 481]
BUY 10 at $142.0 [Order ID: 453]
BUY 10 at $146.0 [Order ID: 489]
BUY 10 at $143.0 [Order ID: 493]
BUY 10 at $147.0 [Order ID: 490]
BUY 10 at $148.0 [Order ID: 498]
BUY 10 at $148.0 [Order ID: 491]
BUY 10 at $122.0 [Order ID: 261]
BUY 10 at $123.0 [Order ID: 262]
BUY 10 at $108.0 [Order ID: 45]
BUY 10 at $116.0 [Order ID: 264]
BUY 10 at $117.0 [Order ID: 238]
BUY 10 at $119.0 [Order ID: 269]
BUY 10 at $112.0 [Order ID: 141]
BUY 10 at $122.0 [Order ID: 272]
BUY 10 at $128.0 [Order ID: 245]
BUY 10 at $129.0 [Order ID: 267]
BUY 10 at $113.0 [Order ID: 116]
BUY 10 at $122.0 [Order ID: 253]
BUY 10 at $120.0 [Order ID: 257]
BUY 10 at $122.0 [Order ID: 286]
BUY 10 at $117.0 [Order ID: 112]
BUY 10 at $125.0 [Order ID: 283]
BUY 10 at $120.0 [Order ID: 292]
BUY 10 at $122.0 [Order ID: 295]
BUY 10 at $111.0 [Order ID: 156]
BUY 10 at $124.0 [Order ID: 297]
BUY 10 at $126.0 [Order ID: 299]
BUY 10 at $128.0 [Order ID: 301]
BUY 10 at $113.0 [Order ID: 158]
BUY 10 at $119.0 [Order ID: 305]
BUY 10 at $121.0 [Order ID: 307]
BUY 10 at $124.0 [Order ID: 275]
BUY 10 at $111.0 [Order ID: 163]
BUY 10 at $131.0 [Order ID: 276]
BUY 10 at $132.0 [Order ID: 280]
BUY 10 at $133.0 [Order ID: 314]
BUY 10 at $114.0 [Order ID: 166]
BUY 10 at $127.0 [Order ID: 321]
BUY 10 at $129.0 [Order ID: 323]
BUY 10 at $131.0 [Order ID: 325]
BUY 10 at $111.0 [Order ID: 54]
BUY 10 at $120.0 [Order ID: 179]
BUY 10 at $135.0 [Order ID: 329]
BUY 10 at $137.0 [Order ID: 331]
BUY 10 at $112.0 [Order ID: 169]
BUY 10 at $141.0 [Order ID: 335]
BUY 10 at $142.0 [Order ID: 336]
BUY 10 at $143.0 [Order ID: 337]
BUY 10 at $115.0 [Order ID: 177]
BUY 10 at $124.0 [Order ID: 288]
BUY 10 at $135.0 [Order ID: 344]
BUY 10 at $137.0 [Order ID: 346]
BUY 10 at $112.0 [Order ID: 184]
BUY 10 at $141.0 [Order ID: 350]
BUY 10 at $143.0 [Order ID: 352]
BUY 10 at $145.0 [Order ID: 354]
BUY 10 at $116.0 [Order ID: 150]
BUY 10 at $126.0 [Order ID: 360]
BUY 10 at $128.0 [Order ID: 362]
BUY 10 at $130.0 [Order ID: 364]
BUY 10 at $132.0 [Order ID: 366]
BUY 10 at $134.0 [Order ID: 368]
BUY 10 at $137.0 [Order ID: 371]
BUY 10 at $138.0 [Order ID: 372]
BUY 10 at $115.0 [Order ID: 172]
BUY 10 at $140.0 [Order ID: 374]
BUY 10 at $142.0 [Order ID: 376]
BUY 10 at $144.0 [Order ID: 378]
BUY 10 at $116.0 [Order ID: 178]
BUY 10 at $126.0 [Order ID: 384]
BUY 10 at $127.0 [Order ID: 385]
BUY 10 at $129.0 [Order ID: 387]
BUY 10 at $118.0 [Order ID: 202]
BUY 10 at $131.0 [Order ID: 389]
BUY 10 at $132.0 [Order ID: 118]
BUY 10 at $134.0 [Order ID: 392]
BUY 10 at $123.0 [Order ID: 205]
BUY 10 at $138.0 [Order ID: 396]
BUY 10 at $140.0 [Order ID: 398]
BUY 10 at $142.0 [Order ID: 400]
BUY 10 at $117.0 [Order ID: 186]
BUY 10 at $131.0 [Order ID: 117]
BUY 10 at $132.0 [Order ID: 408]
BUY 10 at $134.0 [Order ID: 410]
BUY 10 at $125.0 [Order ID: 208]
BUY 10 at $137.0 [Order ID: 413]
BUY 10 at $139.0 [Order ID: 415]
BUY 10 at $141.0 [Order ID: 417]
BUY 10 at $144.0 [Order ID: 420]
BUY 10 at $145.0 [Order ID: 421]
BUY 10 at $146.0 [Order ID: 422]
BUY 10 at $130.0 [Order ID: 73]
BUY 10 at $119.0 [Order ID: 223]
BUY 10 at $126.0 [Order ID: 428]
BUY 10 at $128.0 [Order ID: 430]
BUY 10 at $130.0 [Order ID: 432]
BUY 10 at $120.0 [Order ID: 224]
BUY 10 at $136.0 [Order ID: 320]
BUY 10 at $127.0 [Order ID: 429]
BUY 10 at $129.0 [Order ID: 442]
BUY 10 at $128.0 [Order ID: 71]
BUY 10 at $131.0 [Order ID: 444]
BUY 10 at $131.0 [Order ID: 433]
BUY 10 at $133.0 [Order ID: 449]
BUY 10 at $125.0 [Order ID: 233]
BUY 10 at $127.0 [Order ID: 235]
BUY 10 at $134.0 [Order ID: 447]
BUY 10 at $136.0 [Order ID: 457]
BUY 10 at $122.0 [Order ID: 239]
BUY 10 at $139.0 [Order ID: 460]
BUY 10 at $140.0 [Order ID: 454]
BUY 10 at $141.0 [Order ID: 462]
BUY 10 at $125.0 [Order ID: 242]
BUY 10 at $134.0 [Order ID: 450]
BUY 10 at $135.0 [Order ID: 471]
BUY 10 at $137.0 [Order ID: 473]
BUY 10 at $126.0 [Order ID: 209]
BUY 10 at $140.0 [Order ID: 476]
BUY 10 at $142.0 [Order ID: 478]
BUY 10 at $144.0 [Order ID: 480]
BUY 10 at $120.0 [Order ID: 250]
BUY 10 at $129.0 [Order ID: 255]
BUY 10 at $143.0 [Order ID: 486]
BUY 10 at $145.0 [Order ID: 488]
BUY 10 at $127.0 [Order ID: 252]
BUY 10 at $142.0 [Order ID: 492]
BUY 10 at $144.0 [Order ID: 494]
BUY 10 at $146.0 [Order ID: 496]
BUY 10 at $125.0 [Order ID: 68]
BUY 10 at $147.0 [Order ID: 497]
BUY 10 at $118.0 [Order ID: 259]
BUY 10 at $117.0 [Order ID: 215]
BUY 10 at $110.0 [Order ID: 135]
BUY 10 at $121.0 [Order ID: 225]
BUY 10 at $107.0 [Order ID: 97]
BUY 10 at $115.0 [Order ID: 230]
BUY 10 at $100.0 [Order ID: 5]
BUY 10 at $103.0 [Order ID: 14]
BUY 10 at $102.0 [Order ID: 74]
BUY 10 at $112.0 [Order ID: 55]
BUY 10 at $101.0 [Order ID: 20]
BUY 10 at $108.0 [Order ID: 137]
BUY 10 at $106.0 [Order ID: 78]
BUY 10 at $118.0 [Order ID: 268]
BUY 10 at $103.0 [Order ID: 75]
BUY 10 at $109.0 [Order ID: 138]
BUY 10 at $103.0 [Order ID: 40]
BUY 10 at $121.0 [Order ID: 271]
BUY 10 at $102.0 [Order ID: 21]
BUY 10 at $111.0 [Order ID: 140]
BUY 10 at $110.0 [Order ID: 139]
BUY 10 at $129.0 [Order ID: 277]
BUY 10 at $102.0 [Order ID: 13]
BUY 10 at $105.0 [Order ID: 77]
BUY 10 at $104.0 [Order ID: 41]
BUY 10 at $118.0 [Order ID: 144]
BUY 10 at $104.0 [Order ID: 76]
BUY 10 at $108.0 [Order ID: 146]
BUY 10 at $107.0 [Order ID: 114]
BUY 10 at $121.0 [Order ID: 285]
BUY 10 at $103.0 [Order ID: 17]
BUY 10 at $113.0 [Order ID: 142]
BUY 10 at $104.0 [Order ID: 26]
BUY 10 at $119.0 [Order ID: 260]
BUY 10 at $103.0 [Order ID: 79]
BUY 10 at $115.0 [Order ID: 149]
BUY 10 at $114.0 [Order ID: 148]
BUY 10 at $121.0 [Order ID: 294]
BUY 10 at $100.0 [Order ID: 4]
BUY 10 at $105.0 [Order ID: 42]
BUY 10 at $105.0 [Order ID: 82]
BUY 10 at $123.0 [Order ID: 296]
BUY 10 at $104.0 [Order ID: 81]
BUY 10 at $110.0 [Order ID: 123]
BUY 10 at $107.0 [Order ID: 44]
BUY 10 at $127.0 [Order ID: 300]
BUY 10 at $101.0 [Order ID: 12]
BUY 10 at $112.0 [Order ID: 157]
BUY 10 at $104.0 [Order ID: 84]
BUY 10 at $118.0 [Order ID: 266]
BUY 10 at $103.0 [Order ID: 24]
BUY 10 at $108.0 [Order ID: 160]
BUY 10 at $107.0 [Order ID: 124]
BUY 10 at $122.0 [Order ID: 308]
BUY 10 at $101.0 [Order ID: 25]
BUY 10 at $106.0 [Order ID: 43]
BUY 10 at $102.0 [Order ID: 86]
BUY 10 at $115.0 [Order ID: 167]
BUY 10 at $101.0 [Order ID: 28]
BUY 10 at $110.0 [Order ID: 162]
BUY 10 at $109.0 [Order ID: 161]
BUY 10 at $133.0 [Order ID: 317]
BUY 10 at $103.0 [Order ID: 87]
BUY 10 at $112.0 [Order ID: 164]
BUY 10 at $105.0 [Order ID: 19]
BUY 10 at $126.0 [Order ID: 284]
BUY 10 at $104.0 [Order ID: 88]
BUY 10 at $113.0 [Order ID: 165]
BUY 10 at $111.0 [Order ID: 131]
BUY 10 at $130.0 [Order ID: 324]
BUY 10 at $100.0 [Order ID: 9]
BUY 10 at $108.0 [Order ID: 92]
BUY 10 at $105.0 [Order ID: 27]
BUY 10 at $113.0 [Order ID: 170]
BUY 10 at $102.0 [Order ID: 29]
BUY 10 at $109.0 [Order ID: 134]
BUY 10 at $108.0 [Order ID: 51]
BUY 10 at $136.0 [Order ID: 330]
BUY 10 at $101.0 [Order ID: 11]
BUY 10 at $110.0 [Order ID: 173]
BUY 10 at $107.0 [Order ID: 91]
BUY 10 at $140.0 [Order ID: 334]
BUY 10 at $106.0 [Order ID: 90]
BUY 10 at $111.0 [Order ID: 136]
BUY 10 at $111.0 [Order ID: 174]
BUY 10 at $142.0 [Order ID: 190]
BUY 10 at $100.0 [Order ID: 6]
BUY 10 at $107.0 [Order ID: 50]
BUY 10 at $104.0 [Order ID: 94]
BUY 10 at $119.0 [Order ID: 145]
BUY 10 at $103.0 [Order ID: 30]
BUY 10 at $114.0 [Order ID: 171]
BUY 10 at $114.0 [Order ID: 143]
BUY 10 at $136.0 [Order ID: 345]
BUY 10 at $105.0 [Order ID: 95]
BUY 10 at $109.0 [Order ID: 147]
BUY 10 at $106.0 [Order ID: 47]
BUY 10 at $140.0 [Order ID: 349]
BUY 10 at $106.0 [Order ID: 96]
BUY 10 at $111.0 [Order ID: 183]
BUY 10 at $110.0 [Order ID: 182]
BUY 10 at $144.0 [Order ID: 353]
BUY 10 at $100.0 [Order ID: 1]
BUY 10 at $109.0 [Order ID: 52]
BUY 10 at $103.0 [Order ID: 98]
BUY 10 at $125.0 [Order ID: 359]
BUY 10 at $102.0 [Order ID: 33]
BUY 10 at $114.0 [Order ID: 159]
BUY 10 at $110.0 [Order ID: 48]
BUY 10 at $129.0 [Order ID: 363]
BUY 10 at $101.0 [Order ID: 32]
BUY 10 at $121.0 [Order ID: 180]
BUY 10 at $105.0 [Order ID: 100]
BUY 10 at $133.0 [Order ID: 367]
BUY 10 at $104.0 [Order ID: 99]
BUY 10 at $136.0 [Order ID: 370]
BUY 10 at $116.0 [Order ID: 168]
BUY 10 at $137.0 [Order ID: 153]
BUY 10 at $100.0 [Order ID: 10]
BUY 10 at $110.0 [Order ID: 53]
BUY 10 at $107.0 [Order ID: 102]
BUY 10 at $117.0 [Order ID: 193]
BUY 10 at $106.0 [Order ID: 101]
BUY 10 at $112.0 [Order ID: 175]
BUY 10 at $112.0 [Order ID: 176]
BUY 10 at $143.0 [Order ID: 377]
BUY 10 at $108.0 [Order ID: 103]
BUY 10 at $113.0 [Order ID: 197]
BUY 10 at $109.0 [Order ID: 46]
BUY 10 at $125.0 [Order ID: 293]
BUY 10 at $109.0 [Order ID: 104]
BUY 10 at $114.0 [Order ID: 199]
BUY 10 at $113.0 [Order ID: 196]
BUY 10 at $128.0 [Order ID: 386]
BUY 10 at $100.0 [Order ID: 8]
BUY 10 at $113.0 [Order ID: 108]
BUY 10 at $110.0 [Order ID: 105]
BUY 10 at $124.0 [Order ID: 207]
BUY 10 at $103.0 [Order ID: 35]
BUY 10 at $117.0 [Order ID: 201]
BUY 10 at $116.0 [Order ID: 111]
BUY 10 at $133.0 [Order ID: 391]
BUY 10 at $101.0 [Order ID: 22]
BUY 10 at $119.0 [Order ID: 203]
BUY 10 at $112.0 [Order ID: 107]
BUY 10 at $137.0 [Order ID: 395]
BUY 10 at $111.0 [Order ID: 106]
BUY 10 at $122.0 [Order ID: 181]
BUY 10 at $120.0 [Order ID: 204]
BUY 10 at $141.0 [Order ID: 399]
BUY 10 at $101.0 [Order ID: 31]
BUY 10 at $114.0 [Order ID: 210]
BUY 10 at $113.0 [Order ID: 185]
BUY 10 at $131.0 [Order ID: 304]
BUY 10 at $113.0 [Order ID: 56]
BUY 10 at $115.0 [Order ID: 110]
BUY 10 at $114.0 [Order ID: 109]
BUY 10 at $133.0 [Order ID: 409]
BUY 10 at $104.0 [Order ID: 18]
BUY 10 at $115.0 [Order ID: 189]
BUY 10 at $114.0 [Order ID: 57]
BUY 10 at $136.0 [Order ID: 412]
BUY 10 at $105.0 [Order ID: 37]
BUY 10 at $118.0 [Order ID: 212]
BUY 10 at $116.0 [Order ID: 214]
BUY 10 at $140.0 [Order ID: 416]
BUY 10 at $100.0 [Order ID: 2]
BUY 10 at $118.0 [Order ID: 61]
BUY 10 at $111.0 [Order ID: 49]
BUY 10 at $144.0 [Order ID: 192]
BUY 10 at $106.0 [Order ID: 113]
BUY 10 at $143.0 [Order ID: 191]
BUY 10 at $123.0 [Order ID: 309]
BUY 10 at $124.0 [Order ID: 426]
BUY 10 at $102.0 [Order ID: 16]
BUY 10 at $116.0 [Order ID: 194]
BUY 10 at $115.0 [Order ID: 58]
BUY 10 at $125.0 [Order ID: 427]
BUY 10 at $112.0 [Order ID: 115]
BUY 10 at $118.0 [Order ID: 222]
BUY 10 at $117.0 [Order ID: 221]
BUY 10 at $129.0 [Order ID: 431]
BUY 10 at $102.0 [Order ID: 34]
BUY 10 at $119.0 [Order ID: 62]
BUY 10 at $118.0 [Order ID: 195]
BUY 10 at $129.0 [Order ID: 72]
BUY 10 at $117.0 [Order ID: 60]
BUY 10 at $120.0 [Order ID: 227]
BUY 10 at $119.0 [Order ID: 226]
BUY 10 at $128.0 [Order ID: 441]
BUY 10 at $116.0 [Order ID: 59]
BUY 10 at $121.0 [Order ID: 228]
BUY 10 at $114.0 [Order ID: 198]
BUY 10 at $130.0 [Order ID: 443]
BUY 10 at $107.0 [Order ID: 80]
BUY 10 at $123.0 [Order ID: 231]
BUY 10 at $122.0 [Order ID: 229]
BUY 10 at $132.0 [Order ID: 448]
BUY 10 at $100.0 [Order ID: 3]
BUY 10 at $109.0 [Order ID: 122]
BUY 10 at $108.0 [Order ID: 121]
BUY 10 at $126.0 [Order ID: 234]
BUY 10 at $104.0 [Order ID: 36]
BUY 10 at $124.0 [Order ID: 232]
BUY 10 at $122.0 [Order ID: 65]
BUY 10 at $135.0 [Order ID: 456]
BUY 10 at $102.0 [Order ID: 23]
BUY 10 at $115.0 [Order ID: 200]
BUY 10 at $106.0 [Order ID: 83]
BUY 10 at $138.0 [Order ID: 459]
BUY 10 at $105.0 [Order ID: 85]
BUY 10 at $121.0 [Order ID: 206]
BUY 10 at $116.0 [Order ID: 237]
BUY 10 at $140.0 [Order ID: 451]
BUY 10 at $101.0 [Order ID: 15]
BUY 10 at $121.0 [Order ID: 64]
BUY 10 at $107.0 [Order ID: 126]
BUY 10 at $127.0 [Order ID: 244]
BUY 10 at $106.0 [Order ID: 125]
BUY 10 at $124.0 [Order ID: 241]
BUY 10 at $123.0 [Order ID: 240]
BUY 10 at $136.0 [Order ID: 472]
BUY 10 at $108.0 [Order ID: 127]
BUY 10 at $126.0 [Order ID: 243]
BUY 10 at $120.0 [Order ID: 63]
BUY 10 at $139.0 [Order ID: 475]
BUY 10 at $105.0 [Order ID: 89]
BUY 10 at $116.0 [Order ID: 246]
BUY 10 at $115.0 [Order ID: 211]
BUY 10 at $143.0 [Order ID: 479]
BUY 10 at $100.0 [Order ID: 7]
BUY 10 at $117.0 [Order ID: 247]
BUY 10 at $110.0 [Order ID: 129]
BUY 10 at $127.0 [Order ID: 70]
BUY 10 at $109.0 [Order ID: 128]
BUY 10 at $119.0 [Order ID: 249]
BUY 10 at $118.0 [Order ID: 248]
BUY 10 at $144.0 [Order ID: 487]
BUY 10 at $102.0 [Order ID: 39]
BUY 10 at $121.0 [Order ID: 251]
BUY 10 at $107.0 [Order ID: 132]
BUY 10 at $141.0 [Order ID: 455]
BUY 10 at $106.0 [Order ID: 130]
BUY 10 at $126.0 [Order ID: 69]
BUY 10 at $123.0 [Order ID: 66]
BUY 10 at $145.0 [Order ID: 495]
BUY 10 at $101.0 [Order ID: 38]
BUY 10 at $119.0 [Order ID: 213]
BUY 10 at $109.0 [Order ID: 93]
BUY 10 at $128.0 [Order ID: 254]
BUY 10 at $108.0 [Order ID: 133]
Sell Orders:
500
500
]]></system-out>
  </testcase>
</testsuite>